[2016-04-24 20:13:55.287] [ERROR] [default] - Не смог найти свой аккаунт
[2016-04-24 20:13:56.272] [ERROR] [default] - Не смог найти свой аккаунт
[2016-04-24 20:13:57.291] [ERROR] [default] - Не смог найти свой аккаунт
[2016-04-24 20:13:58.228] [ERROR] [default] - Не смог найти свой аккаунт
[2016-04-24 20:13:59.226] [ERROR] [default] - Не смог найти свой аккаунт
[2016-04-24 20:14:00.211] [ERROR] [default] - Не смог найти свой аккаунт
[2016-04-24 20:14:01.228] [ERROR] [default] - Не смог найти свой аккаунт
[2016-04-24 20:14:02.212] [ERROR] [default] - Не смог найти свой аккаунт
[2016-04-24 20:14:03.313] [ERROR] [default] - Не смог найти свой аккаунт
[2016-04-24 20:14:04.344] [ERROR] [default] - Не смог найти свой аккаунт
[2016-04-24 20:14:05.344] [ERROR] [default] - Не смог найти свой аккаунт
[2016-04-24 20:14:06.372] [ERROR] [default] - Не смог найти свой аккаунт
[2016-04-24 20:14:07.408] [ERROR] [default] - Не смог найти свой аккаунт
[2016-04-24 20:14:08.426] [ERROR] [default] - Не смог найти свой аккаунт
[2016-04-24 20:14:09.393] [ERROR] [default] - Не смог найти свой аккаунт
[2016-04-24 20:14:10.349] [ERROR] [default] - Не смог найти свой аккаунт
[2016-04-24 20:14:11.396] [ERROR] [default] - Не смог найти свой аккаунт
[2016-04-24 20:14:12.393] [ERROR] [default] - Не смог найти свой аккаунт
[2016-04-24 20:14:13.397] [ERROR] [default] - Не смог найти свой аккаунт
[2016-04-24 20:14:14.405] [ERROR] [default] - Не смог найти свой аккаунт
[2016-04-24 20:14:15.424] [ERROR] [default] - Не смог найти свой аккаунт
[2016-04-24 20:14:16.397] [ERROR] [default] - Не смог найти свой аккаунт
[2016-04-24 20:14:17.442] [ERROR] [default] - Не смог найти свой аккаунт
[2016-04-24 20:14:18.449] [ERROR] [default] - Не смог найти свой аккаунт
[2016-04-24 20:14:19.458] [ERROR] [default] - Не смог найти свой аккаунт
[2016-04-24 20:14:20.445] [ERROR] [default] - Не смог найти свой аккаунт
[2016-04-24 20:14:21.520] [ERROR] [default] - Не смог найти свой аккаунт
[2016-04-24 20:14:22.533] [ERROR] [default] - Не смог найти свой аккаунт
[2016-04-24 20:14:23.580] [ERROR] [default] - Не смог найти свой аккаунт
[2016-04-24 20:14:24.546] [ERROR] [default] - Не смог найти свой аккаунт
[2016-04-24 20:14:25.574] [ERROR] [default] - Не смог найти свой аккаунт
[2016-04-24 20:14:26.611] [ERROR] [default] - Не смог найти свой аккаунт
[2016-04-24 20:14:27.637] [ERROR] [default] - Не смог найти свой аккаунт
[2016-04-24 20:14:28.643] [ERROR] [default] - Не смог найти свой аккаунт
[2016-04-24 20:14:29.724] [ERROR] [default] - Не смог найти свой аккаунт
[2016-04-24 20:14:30.746] [ERROR] [default] - Не смог найти свой аккаунт
[2016-04-24 20:14:31.801] [ERROR] [default] - Не смог найти свой аккаунт
[2016-04-24 20:14:32.858] [ERROR] [default] - Не смог найти свой аккаунт
[2016-04-24 20:14:33.920] [ERROR] [default] - Не смог найти свой аккаунт
[2016-04-24 20:14:34.953] [ERROR] [default] - Не смог найти свой аккаунт
[2016-04-24 20:14:36.028] [ERROR] [default] - Не смог найти свой аккаунт
[2016-04-24 20:14:37.073] [ERROR] [default] - Не смог найти свой аккаунт
[2016-04-24 20:14:38.103] [ERROR] [default] - Не смог найти свой аккаунт
[2016-04-24 20:14:39.193] [ERROR] [default] - Не смог найти свой аккаунт
[2016-04-24 20:14:40.280] [ERROR] [default] - Не смог найти свой аккаунт
[2016-04-24 20:14:41.388] [ERROR] [default] - Не смог найти свой аккаунт
[2016-04-24 20:14:42.394] [ERROR] [default] - Не смог найти свой аккаунт
[2016-04-24 20:14:43.416] [ERROR] [default] - Не смог найти свой аккаунт
[2016-04-24 20:14:44.493] [ERROR] [default] - Не смог найти свой аккаунт
[2016-04-24 20:14:45.525] [ERROR] [default] - Не смог найти свой аккаунт
[2016-04-24 20:14:46.451] [ERROR] [default] - Не смог найти свой аккаунт
[2016-04-24 20:14:47.452] [ERROR] [default] - Не смог найти свой аккаунт
[2016-04-24 20:14:48.533] [ERROR] [default] - Не смог найти свой аккаунт
[2016-04-24 20:14:49.565] [ERROR] [default] - Не смог найти свой аккаунт
[2016-04-24 20:14:50.598] [ERROR] [default] - Не смог найти свой аккаунт
[2016-04-24 20:14:51.585] [ERROR] [default] - Не смог найти свой аккаунт
[2016-04-24 20:14:52.578] [ERROR] [default] - Не смог найти свой аккаунт
[2016-04-24 20:14:53.557] [ERROR] [default] - Не смог найти свой аккаунт
[2016-04-24 20:14:54.566] [ERROR] [default] - Не смог найти свой аккаунт
[2016-04-24 20:14:55.637] [ERROR] [default] - Не смог найти свой аккаунт
[2016-04-24 20:14:56.667] [ERROR] [default] - Не смог найти свой аккаунт
[2016-04-24 20:14:57.732] [ERROR] [default] - Не смог найти свой аккаунт
[2016-04-24 20:14:58.794] [ERROR] [default] - Не смог найти свой аккаунт
[2016-04-24 20:14:59.791] [ERROR] [default] - Не смог найти свой аккаунт
[2016-04-24 20:15:01.222] [ERROR] [default] - Не смог найти свой аккаунт
[2016-04-24 20:15:02.260] [ERROR] [default] - Не смог найти свой аккаунт
[2016-04-24 20:15:03.273] [ERROR] [default] - Не смог найти свой аккаунт
[2016-04-24 20:15:04.240] [ERROR] [default] - Не смог найти свой аккаунт
[2016-04-24 20:15:05.256] [ERROR] [default] - Не смог найти свой аккаунт
[2016-04-24 20:15:06.264] [ERROR] [default] - Не смог найти свой аккаунт
[2016-04-24 20:15:07.366] [ERROR] [default] - Не смог найти свой аккаунт
[2016-04-24 20:15:08.471] [ERROR] [default] - Не смог найти свой аккаунт
[2016-04-24 20:15:09.521] [ERROR] [default] - Не смог найти свой аккаунт
[2016-04-24 20:15:10.536] [ERROR] [default] - Не смог найти свой аккаунт
[2016-04-24 20:15:11.564] [ERROR] [default] - Не смог найти свой аккаунт
[2016-04-24 20:15:12.567] [ERROR] [default] - Не смог найти свой аккаунт
[2016-04-24 20:15:13.593] [ERROR] [default] - Не смог найти свой аккаунт
[2016-04-24 20:15:14.609] [ERROR] [default] - Не смог найти свой аккаунт
[2016-04-24 20:15:15.574] [ERROR] [default] - Не смог найти свой аккаунт
[2016-04-24 20:15:16.559] [ERROR] [default] - Не смог найти свой аккаунт
[2016-04-24 20:15:17.643] [ERROR] [default] - Не смог найти свой аккаунт
[2016-04-24 20:15:18.673] [ERROR] [default] - Не смог найти свой аккаунт
[2016-04-24 20:15:19.748] [ERROR] [default] - Не смог найти свой аккаунт
[2016-04-24 20:15:20.858] [ERROR] [default] - Не смог найти свой аккаунт
[2016-04-24 20:15:21.842] [ERROR] [default] - Не смог найти свой аккаунт
[2016-04-24 20:15:22.827] [ERROR] [default] - Не смог найти свой аккаунт
[2016-04-24 20:15:23.838] [ERROR] [default] - Не смог найти свой аккаунт
[2016-04-24 20:15:24.869] [ERROR] [default] - Не смог найти свой аккаунт
[2016-04-24 20:15:25.938] [ERROR] [default] - Не смог найти свой аккаунт
[2016-04-24 20:15:26.916] [ERROR] [default] - Не смог найти свой аккаунт
[2016-04-24 20:15:27.910] [ERROR] [default] - Не смог найти свой аккаунт
[2016-04-24 20:15:28.940] [ERROR] [default] - Не смог найти свой аккаунт
[2016-04-24 20:15:30.020] [ERROR] [default] - Не смог найти свой аккаунт
[2016-04-24 20:15:31.071] [ERROR] [default] - Не смог найти свой аккаунт
[2016-04-24 20:15:32.103] [ERROR] [default] - Не смог найти свой аккаунт
[2016-04-24 20:15:33.161] [ERROR] [default] - Не смог найти свой аккаунт
[2016-04-24 20:15:34.166] [ERROR] [default] - Не смог найти свой аккаунт
[2016-04-24 20:15:35.170] [ERROR] [default] - Не смог найти свой аккаунт
[2016-04-24 20:15:36.199] [ERROR] [default] - Не смог найти свой аккаунт
[2016-04-24 20:15:37.197] [ERROR] [default] - Не смог найти свой аккаунт
[2016-04-24 20:15:38.178] [ERROR] [default] - Не смог найти свой аккаунт
[2016-04-24 20:15:39.200] [ERROR] [default] - Не смог найти свой аккаунт
[2016-04-24 20:15:40.201] [ERROR] [default] - Не смог найти свой аккаунт
[2016-04-24 20:15:41.207] [ERROR] [default] - Не смог найти свой аккаунт
[2016-04-24 20:15:42.204] [ERROR] [default] - Не смог найти свой аккаунт
[2016-04-24 20:15:43.258] [ERROR] [default] - Не смог найти свой аккаунт
[2016-04-24 20:15:44.262] [ERROR] [default] - Не смог найти свой аккаунт
[2016-04-24 20:15:45.253] [ERROR] [default] - Не смог найти свой аккаунт
[2016-04-24 20:15:46.252] [ERROR] [default] - Не смог найти свой аккаунт
[2016-04-24 20:15:47.270] [ERROR] [default] - Не смог найти свой аккаунт
[2016-04-24 20:15:48.299] [ERROR] [default] - Не смог найти свой аккаунт
[2016-04-24 20:15:49.361] [ERROR] [default] - Не смог найти свой аккаунт
[2016-04-24 20:15:50.335] [ERROR] [default] - Не смог найти свой аккаунт
[2016-04-24 20:15:51.319] [ERROR] [default] - Не смог найти свой аккаунт
[2016-04-24 20:15:52.342] [ERROR] [default] - Не смог найти свой аккаунт
[2016-04-24 20:15:53.392] [ERROR] [default] - Не смог найти свой аккаунт
[2016-04-24 20:15:54.418] [ERROR] [default] - Не смог найти свой аккаунт
[2016-04-24 20:15:55.406] [ERROR] [default] - Не смог найти свой аккаунт
[2016-04-24 20:15:56.401] [ERROR] [default] - Не смог найти свой аккаунт
[2016-04-24 20:15:57.387] [ERROR] [default] - Не смог найти свой аккаунт
[2016-04-24 20:15:58.398] [ERROR] [default] - Не смог найти свой аккаунт
[2016-04-24 20:15:59.409] [ERROR] [default] - Не смог найти свой аккаунт
[2016-04-24 20:16:00.481] [ERROR] [default] - Не смог найти свой аккаунт
[2016-04-24 20:16:01.505] [ERROR] [default] - Не смог найти свой аккаунт
[2016-04-24 20:16:02.558] [ERROR] [default] - Не смог найти свой аккаунт
[2016-04-24 20:16:03.595] [ERROR] [default] - Не смог найти свой аккаунт
[2016-04-24 20:16:04.601] [ERROR] [default] - Не смог найти свой аккаунт
[2016-04-24 20:16:05.598] [ERROR] [default] - Не смог найти свой аккаунт
[2016-04-24 20:16:06.581] [ERROR] [default] - Не смог найти свой аккаунт
[2016-04-24 20:16:07.558] [ERROR] [default] - Не смог найти свой аккаунт
[2016-04-24 20:16:08.712] [ERROR] [default] - Не смог найти свой аккаунт
[2016-04-24 20:16:09.721] [ERROR] [default] - Не смог найти свой аккаунт
[2016-04-24 20:16:10.748] [ERROR] [default] - Не смог найти свой аккаунт
[2016-04-24 20:16:11.798] [ERROR] [default] - Не смог найти свой аккаунт
[2016-04-24 20:16:12.832] [ERROR] [default] - Не смог найти свой аккаунт
[2016-04-24 20:16:13.928] [ERROR] [default] - Не смог найти свой аккаунт
[2016-04-24 20:16:14.832] [INFO] [default] - Ид соединения с базой данных: 4294
[2016-04-24 20:16:14.842] [TRACE] [default] - Получили данные об аккаунте из базы
[2016-04-24 20:16:14.843] [DEBUG] [default] - { id: 0,
  online: 2,
  name: '1',
  steamid: '76561198201580410',
  shared_secret: 'LjbgVv1eAfc2gtRCbmaDk0846fo=',
  identity_secret: '7OD5XNXSMwAIgTkuJ6e+brUnERU=',
  accountName: 'globalezpz',
  password: '1337Global',
  steamguard: '',
  email_login: '',
  email_password: '',
  twoFactorCode: '4XH26',
  auth: false }
[2016-04-24 20:16:16.561] [ERROR] [default] - Ошибка авторизации
[2016-04-24 20:16:17.482] [INFO] [default] - Ид соединения с базой данных: 4311
[2016-04-24 20:16:17.495] [TRACE] [default] - Получили данные об аккаунте из базы
[2016-04-24 20:16:17.497] [DEBUG] [default] - { id: 0,
  online: 2,
  name: '1',
  steamid: '76561198201580410',
  shared_secret: 'LjbgVv1eAfc2gtRCbmaDk0846fo=',
  identity_secret: '7OD5XNXSMwAIgTkuJ6e+brUnERU=',
  accountName: 'globalezpz',
  password: '1337Global',
  steamguard: '',
  email_login: '',
  email_password: '',
  twoFactorCode: '4XH26',
  auth: false }
[2016-04-24 20:16:19.210] [ERROR] [default] - Ошибка авторизации
